Wed Dec 04 20:52:11 PST 2019 Thread[main,5,main] Cleanup action starting
java.sql.SQLException: Failed to start database 'lib/comedian' with class loader jdk.internal.loader.ClassLoaders$AppClassLoader@2626b418, see the next exception for details.
	at org.apache.derby.impl.jdbc.SQLExceptionFactory.getSQLException(SQLExceptionFactory.java:115)
	at org.apache.derby.impl.jdbc.SQLExceptionFactory.getSQLException(SQLExceptionFactory.java:141)
	at org.apache.derby.impl.jdbc.Util.seeNextException(Util.java:252)
	at org.apache.derby.impl.jdbc.EmbedConnection.bootDatabase(EmbedConnection.java:2855)
	at org.apache.derby.impl.jdbc.EmbedConnection.<init>(EmbedConnection.java:411)
	at org.apache.derby.iapi.jdbc.InternalDriver$1.run(InternalDriver.java:660)
	at org.apache.derby.iapi.jdbc.InternalDriver$1.run(InternalDriver.java:656)
	at java.base/java.security.AccessController.doPrivileged(AccessController.java:552)
	at org.apache.derby.iapi.jdbc.InternalDriver.getNewEmbedConnection(InternalDriver.java:654)
	at org.apache.derby.iapi.jdbc.InternalDriver.connect(InternalDriver.java:300)
	at org.apache.derby.iapi.jdbc.InternalDriver.connect(InternalDriver.java:967)
	at org.apache.derby.jdbc.EmbeddedDriver.connect(EmbeddedDriver.java:125)
	at org.hibernate.engine.jdbc.connections.internal.DriverConnectionCreator.makeConnection(DriverConnectionCreator.java:38)
	at org.hibernate.engine.jdbc.connections.internal.BasicConnectionCreator.createConnection(BasicConnectionCreator.java:58)
	at org.hibernate.engine.jdbc.connections.internal.DriverManagerConnectionProviderImpl$PooledConnections.addConnections(DriverManagerConnectionProviderImpl.java:321)
	at org.hibernate.engine.jdbc.connections.internal.DriverManagerConnectionProviderImpl$PooledConnections.<init>(DriverManagerConnectionProviderImpl.java:240)
	at org.hibernate.engine.jdbc.connections.internal.DriverManagerConnectionProviderImpl$PooledConnections.<init>(DriverManagerConnectionProviderImpl.java:218)
	at org.hibernate.engine.jdbc.connections.internal.DriverManagerConnectionProviderImpl$PooledConnections$Builder.build(DriverManagerConnectionProviderImpl.java:359)
	at org.hibernate.engine.jdbc.connections.internal.DriverManagerConnectionProviderImpl.buildPool(DriverManagerConnectionProviderImpl.java:98)
	at org.hibernate.engine.jdbc.connections.internal.DriverManagerConnectionProviderImpl.configure(DriverManagerConnectionProviderImpl.java:73)
	at org.hibernate.boot.registry.internal.StandardServiceRegistryImpl.configureService(StandardServiceRegistryImpl.java:107)
	at org.hibernate.service.internal.AbstractServiceRegistryImpl.initializeService(AbstractServiceRegistryImpl.java:246)
	at org.hibernate.service.internal.AbstractServiceRegistryImpl.getService(AbstractServiceRegistryImpl.java:214)
	at org.hibernate.engine.jdbc.env.internal.JdbcEnvironmentInitiator.buildJdbcConnectionAccess(JdbcEnvironmentInitiator.java:145)
	at org.hibernate.engine.jdbc.env.internal.JdbcEnvironmentInitiator.initiateService(JdbcEnvironmentInitiator.java:66)
	at org.hibernate.engine.jdbc.env.internal.JdbcEnvironmentInitiator.initiateService(JdbcEnvironmentInitiator.java:35)
	at org.hibernate.boot.registry.internal.StandardServiceRegistryImpl.initiateService(StandardServiceRegistryImpl.java:101)
	at org.hibernate.service.internal.AbstractServiceRegistryImpl.createService(AbstractServiceRegistryImpl.java:263)
	at org.hibernate.service.internal.AbstractServiceRegistryImpl.initializeService(AbstractServiceRegistryImpl.java:237)
	at org.hibernate.service.internal.AbstractServiceRegistryImpl.getService(AbstractServiceRegistryImpl.java:214)
	at org.hibernate.id.factory.internal.DefaultIdentifierGeneratorFactory.injectServices(DefaultIdentifierGeneratorFactory.java:152)
	at org.hibernate.service.internal.AbstractServiceRegistryImpl.injectDependencies(AbstractServiceRegistryImpl.java:286)
	at org.hibernate.service.internal.AbstractServiceRegistryImpl.initializeService(AbstractServiceRegistryImpl.java:243)
	at org.hibernate.service.internal.AbstractServiceRegistryImpl.getService(AbstractServiceRegistryImpl.java:214)
	at org.hibernate.boot.internal.InFlightMetadataCollectorImpl.<init>(InFlightMetadataCollectorImpl.java:175)
	at org.hibernate.boot.model.process.spi.MetadataBuildingProcess.complete(MetadataBuildingProcess.java:118)
	at org.hibernate.boot.model.process.spi.MetadataBuildingProcess.build(MetadataBuildingProcess.java:83)
	at org.hibernate.boot.internal.MetadataBuilderImpl.build(MetadataBuilderImpl.java:473)
	at org.hibernate.boot.internal.MetadataBuilderImpl.build(MetadataBuilderImpl.java:84)
	at org.hibernate.cfg.Configuration.buildSessionFactory(Configuration.java:689)
	at org.hibernate.cfg.Configuration.buildSessionFactory(Configuration.java:724)
	at edu.wctc.myComic.CrudDemo.<init>(CrudDemo.java:18)
	at edu.wctc.myComic.CrudDemo.main(CrudDemo.java:23)
Caused by: ERROR XJ040: Failed to start database 'lib/comedian' with class loader jdk.internal.loader.ClassLoaders$AppClassLoader@2626b418, see the next exception for details.
	at org.apache.derby.shared.common.error.StandardException.newException(StandardException.java:300)
	at org.apache.derby.impl.jdbc.SQLExceptionFactory.wrapArgsForTransportAcrossDRDA(SQLExceptionFactory.java:170)
	at org.apache.derby.impl.jdbc.SQLExceptionFactory.getSQLException(SQLExceptionFactory.java:75)
	... 42 more
Caused by: ERROR XSDB6: Another instance of Derby may have already booted the database E:\Distributed Java\Non-fancy-web\lib\comedian.
	at org.apache.derby.shared.common.error.StandardException.newException(StandardException.java:300)
	at org.apache.derby.shared.common.error.StandardException.newException(StandardException.java:295)
	at org.apache.derby.impl.store.raw.data.BaseDataFileFactory.privGetJBMSLockOnDB(BaseDataFileFactory.java:1949)
	at org.apache.derby.impl.store.raw.data.BaseDataFileFactory.run(BaseDataFileFactory.java:2969)
	at java.base/java.security.AccessController.doPrivileged(AccessController.java:552)
	at org.apache.derby.impl.store.raw.data.BaseDataFileFactory.getJBMSLockOnDB(BaseDataFileFactory.java:1891)
	at org.apache.derby.impl.store.raw.data.BaseDataFileFactory.boot(BaseDataFileFactory.java:344)
	at org.apache.derby.impl.services.monitor.BaseMonitor.boot(BaseMonitor.java:2002)
	at org.apache.derby.impl.services.monitor.TopService.bootModule(TopService.java:334)
	at org.apache.derby.impl.services.monitor.BaseMonitor.startModule(BaseMonitor.java:538)
	at org.apache.derby.impl.services.monitor.FileMonitor.startModule(FileMonitor.java:48)
	at org.apache.derby.iapi.services.monitor.Monitor.bootServiceModule(Monitor.java:460)
	at org.apache.derby.impl.store.raw.RawStore$6.run(RawStore.java:2968)
	at java.base/java.security.AccessController.doPrivileged(AccessController.java:552)
	at org.apache.derby.impl.store.raw.RawStore.bootServiceModule(RawStore.java:2962)
	at org.apache.derby.impl.store.raw.RawStore.boot(RawStore.java:190)
	at org.apache.derby.impl.services.monitor.BaseMonitor.boot(BaseMonitor.java:2002)
	at org.apache.derby.impl.services.monitor.TopService.bootModule(TopService.java:334)
	at org.apache.derby.impl.services.monitor.BaseMonitor.startModule(BaseMonitor.java:538)
	at org.apache.derby.impl.services.monitor.FileMonitor.startModule(FileMonitor.java:48)
	at org.apache.derby.iapi.services.monitor.Monitor.bootServiceModule(Monitor.java:460)
	at org.apache.derby.impl.store.access.RAMAccessManager$5.run(RAMAccessManager.java:1393)
	at java.base/java.security.AccessController.doPrivileged(AccessController.java:552)
	at org.apache.derby.impl.store.access.RAMAccessManager.bootServiceModule(RAMAccessManager.java:1387)
	at org.apache.derby.impl.store.access.RAMAccessManager.boot(RAMAccessManager.java:1039)
	at org.apache.derby.impl.services.monitor.BaseMonitor.boot(BaseMonitor.java:2002)
	at org.apache.derby.impl.services.monitor.TopService.bootModule(TopService.java:334)
	at org.apache.derby.impl.services.monitor.BaseMonitor.startModule(BaseMonitor.java:538)
	at org.apache.derby.impl.services.monitor.FileMonitor.startModule(FileMonitor.java:48)
	at org.apache.derby.iapi.services.monitor.Monitor.bootServiceModule(Monitor.java:460)
	at org.apache.derby.impl.db.BasicDatabase$5.run(BasicDatabase.java:1001)
	at java.base/java.security.AccessController.doPrivileged(AccessController.java:552)
	at org.apache.derby.impl.db.BasicDatabase.bootServiceModule(BasicDatabase.java:995)
	at org.apache.derby.impl.db.BasicDatabase.bootStore(BasicDatabase.java:777)
	at org.apache.derby.impl.db.BasicDatabase.boot(BasicDatabase.java:186)
	at org.apache.derby.impl.services.monitor.BaseMonitor.boot(BaseMonitor.java:2002)
	at org.apache.derby.impl.services.monitor.TopService.bootModule(TopService.java:334)
	at org.apache.derby.impl.services.monitor.BaseMonitor.bootService(BaseMonitor.java:1830)
	at org.apache.derby.impl.services.monitor.BaseMonitor.startProviderService(BaseMonitor.java:1696)
	at org.apache.derby.impl.services.monitor.BaseMonitor.findProviderAndStartService(BaseMonitor.java:1580)
	at org.apache.derby.impl.services.monitor.BaseMonitor.startPersistentService(BaseMonitor.java:999)
	at org.apache.derby.iapi.services.monitor.Monitor.startPersistentService(Monitor.java:598)
	at org.apache.derby.impl.jdbc.EmbedConnection$4.run(EmbedConnection.java:4042)
	at org.apache.derby.impl.jdbc.EmbedConnection$4.run(EmbedConnection.java:4038)
	at java.base/java.security.AccessController.doPrivileged(AccessController.java:552)
	at org.apache.derby.impl.jdbc.EmbedConnection.startPersistentService(EmbedConnection.java:4036)
	at org.apache.derby.impl.jdbc.EmbedConnection.bootDatabase(EmbedConnection.java:2816)
	... 39 more
============= begin nested exception, level (1) ===========
java.sql.SQLException: Another instance of Derby may have already booted the database E:\Distributed Java\Non-fancy-web\lib\comedian.
	at org.apache.derby.impl.jdbc.SQLExceptionFactory.getSQLException(SQLExceptionFactory.java:115)
	at org.apache.derby.impl.jdbc.Util.generateCsSQLException(Util.java:230)
	at org.apache.derby.impl.jdbc.EmbedConnection.bootDatabase(EmbedConnection.java:2853)
	at org.apache.derby.impl.jdbc.EmbedConnection.<init>(EmbedConnection.java:411)
	at org.apache.derby.iapi.jdbc.InternalDriver$1.run(InternalDriver.java:660)
	at org.apache.derby.iapi.jdbc.InternalDriver$1.run(InternalDriver.java:656)
	at java.base/java.security.AccessController.doPrivileged(AccessController.java:552)
	at org.apache.derby.iapi.jdbc.InternalDriver.getNewEmbedConnection(InternalDriver.java:654)
	at org.apache.derby.iapi.jdbc.InternalDriver.connect(InternalDriver.java:300)
	at org.apache.derby.iapi.jdbc.InternalDriver.connect(InternalDriver.java:967)
	at org.apache.derby.jdbc.EmbeddedDriver.connect(EmbeddedDriver.java:125)
	at org.hibernate.engine.jdbc.connections.internal.DriverConnectionCreator.makeConnection(DriverConnectionCreator.java:38)
	at org.hibernate.engine.jdbc.connections.internal.BasicConnectionCreator.createConnection(BasicConnectionCreator.java:58)
	at org.hibernate.engine.jdbc.connections.internal.DriverManagerConnectionProviderImpl$PooledConnections.addConnections(DriverManagerConnectionProviderImpl.java:321)
	at org.hibernate.engine.jdbc.connections.internal.DriverManagerConnectionProviderImpl$PooledConnections.<init>(DriverManagerConnectionProviderImpl.java:240)
	at org.hibernate.engine.jdbc.connections.internal.DriverManagerConnectionProviderImpl$PooledConnections.<init>(DriverManagerConnectionProviderImpl.java:218)
	at org.hibernate.engine.jdbc.connections.internal.DriverManagerConnectionProviderImpl$PooledConnections$Builder.build(DriverManagerConnectionProviderImpl.java:359)
	at org.hibernate.engine.jdbc.connections.internal.DriverManagerConnectionProviderImpl.buildPool(DriverManagerConnectionProviderImpl.java:98)
	at org.hibernate.engine.jdbc.connections.internal.DriverManagerConnectionProviderImpl.configure(DriverManagerConnectionProviderImpl.java:73)
	at org.hibernate.boot.registry.internal.StandardServiceRegistryImpl.configureService(StandardServiceRegistryImpl.java:107)
	at org.hibernate.service.internal.AbstractServiceRegistryImpl.initializeService(AbstractServiceRegistryImpl.java:246)
	at org.hibernate.service.internal.AbstractServiceRegistryImpl.getService(AbstractServiceRegistryImpl.java:214)
	at org.hibernate.engine.jdbc.env.internal.JdbcEnvironmentInitiator.buildJdbcConnectionAccess(JdbcEnvironmentInitiator.java:145)
	at org.hibernate.engine.jdbc.env.internal.JdbcEnvironmentInitiator.initiateService(JdbcEnvironmentInitiator.java:66)
	at org.hibernate.engine.jdbc.env.internal.JdbcEnvironmentInitiator.initiateService(JdbcEnvironmentInitiator.java:35)
	at org.hibernate.boot.registry.internal.StandardServiceRegistryImpl.initiateService(StandardServiceRegistryImpl.java:101)
	at org.hibernate.service.internal.AbstractServiceRegistryImpl.createService(AbstractServiceRegistryImpl.java:263)
	at org.hibernate.service.internal.AbstractServiceRegistryImpl.initializeService(AbstractServiceRegistryImpl.java:237)
	at org.hibernate.service.internal.AbstractServiceRegistryImpl.getService(AbstractServiceRegistryImpl.java:214)
	at org.hibernate.id.factory.internal.DefaultIdentifierGeneratorFactory.injectServices(DefaultIdentifierGeneratorFactory.java:152)
	at org.hibernate.service.internal.AbstractServiceRegistryImpl.injectDependencies(AbstractServiceRegistryImpl.java:286)
	at org.hibernate.service.internal.AbstractServiceRegistryImpl.initializeService(AbstractServiceRegistryImpl.java:243)
	at org.hibernate.service.internal.AbstractServiceRegistryImpl.getService(AbstractServiceRegistryImpl.java:214)
	at org.hibernate.boot.internal.InFlightMetadataCollectorImpl.<init>(InFlightMetadataCollectorImpl.java:175)
	at org.hibernate.boot.model.process.spi.MetadataBuildingProcess.complete(MetadataBuildingProcess.java:118)
	at org.hibernate.boot.model.process.spi.MetadataBuildingProcess.build(MetadataBuildingProcess.java:83)
	at org.hibernate.boot.internal.MetadataBuilderImpl.build(MetadataBuilderImpl.java:473)
	at org.hibernate.boot.internal.MetadataBuilderImpl.build(MetadataBuilderImpl.java:84)
	at org.hibernate.cfg.Configuration.buildSessionFactory(Configuration.java:689)
	at org.hibernate.cfg.Configuration.buildSessionFactory(Configuration.java:724)
	at edu.wctc.myComic.CrudDemo.<init>(CrudDemo.java:18)
	at edu.wctc.myComic.CrudDemo.main(CrudDemo.java:23)
Caused by: ERROR XSDB6: Another instance of Derby may have already booted the database E:\Distributed Java\Non-fancy-web\lib\comedian.
	at org.apache.derby.shared.common.error.StandardException.newException(StandardException.java:300)
	at org.apache.derby.shared.common.error.StandardException.newException(StandardException.java:295)
	at org.apache.derby.impl.store.raw.data.BaseDataFileFactory.privGetJBMSLockOnDB(BaseDataFileFactory.java:1949)
	at org.apache.derby.impl.store.raw.data.BaseDataFileFactory.run(BaseDataFileFactory.java:2969)
	at java.base/java.security.AccessController.doPrivileged(AccessController.java:552)
	at org.apache.derby.impl.store.raw.data.BaseDataFileFactory.getJBMSLockOnDB(BaseDataFileFactory.java:1891)
	at org.apache.derby.impl.store.raw.data.BaseDataFileFactory.boot(BaseDataFileFactory.java:344)
	at org.apache.derby.impl.services.monitor.BaseMonitor.boot(BaseMonitor.java:2002)
	at org.apache.derby.impl.services.monitor.TopService.bootModule(TopService.java:334)
	at org.apache.derby.impl.services.monitor.BaseMonitor.startModule(BaseMonitor.java:538)
	at org.apache.derby.impl.services.monitor.FileMonitor.startModule(FileMonitor.java:48)
	at org.apache.derby.iapi.services.monitor.Monitor.bootServiceModule(Monitor.java:460)
	at org.apache.derby.impl.store.raw.RawStore$6.run(RawStore.java:2968)
	at java.base/java.security.AccessController.doPrivileged(AccessController.java:552)
	at org.apache.derby.impl.store.raw.RawStore.bootServiceModule(RawStore.java:2962)
	at org.apache.derby.impl.store.raw.RawStore.boot(RawStore.java:190)
	at org.apache.derby.impl.services.monitor.BaseMonitor.boot(BaseMonitor.java:2002)
	at org.apache.derby.impl.services.monitor.TopService.bootModule(TopService.java:334)
	at org.apache.derby.impl.services.monitor.BaseMonitor.startModule(BaseMonitor.java:538)
	at org.apache.derby.impl.services.monitor.FileMonitor.startModule(FileMonitor.java:48)
	at org.apache.derby.iapi.services.monitor.Monitor.bootServiceModule(Monitor.java:460)
	at org.apache.derby.impl.store.access.RAMAccessManager$5.run(RAMAccessManager.java:1393)
	at java.base/java.security.AccessController.doPrivileged(AccessController.java:552)
	at org.apache.derby.impl.store.access.RAMAccessManager.bootServiceModule(RAMAccessManager.java:1387)
	at org.apache.derby.impl.store.access.RAMAccessManager.boot(RAMAccessManager.java:1039)
	at org.apache.derby.impl.services.monitor.BaseMonitor.boot(BaseMonitor.java:2002)
	at org.apache.derby.impl.services.monitor.TopService.bootModule(TopService.java:334)
	at org.apache.derby.impl.services.monitor.BaseMonitor.startModule(BaseMonitor.java:538)
	at org.apache.derby.impl.services.monitor.FileMonitor.startModule(FileMonitor.java:48)
	at org.apache.derby.iapi.services.monitor.Monitor.bootServiceModule(Monitor.java:460)
	at org.apache.derby.impl.db.BasicDatabase$5.run(BasicDatabase.java:1001)
	at java.base/java.security.AccessController.doPrivileged(AccessController.java:552)
	at org.apache.derby.impl.db.BasicDatabase.bootServiceModule(BasicDatabase.java:995)
	at org.apache.derby.impl.db.BasicDatabase.bootStore(BasicDatabase.java:777)
	at org.apache.derby.impl.db.BasicDatabase.boot(BasicDatabase.java:186)
	at org.apache.derby.impl.services.monitor.BaseMonitor.boot(BaseMonitor.java:2002)
	at org.apache.derby.impl.services.monitor.TopService.bootModule(TopService.java:334)
	at org.apache.derby.impl.services.monitor.BaseMonitor.bootService(BaseMonitor.java:1830)
	at org.apache.derby.impl.services.monitor.BaseMonitor.startProviderService(BaseMonitor.java:1696)
	at org.apache.derby.impl.services.monitor.BaseMonitor.findProviderAndStartService(BaseMonitor.java:1580)
	at org.apache.derby.impl.services.monitor.BaseMonitor.startPersistentService(BaseMonitor.java:999)
	at org.apache.derby.iapi.services.monitor.Monitor.startPersistentService(Monitor.java:598)
	at org.apache.derby.impl.jdbc.EmbedConnection$4.run(EmbedConnection.java:4042)
	at org.apache.derby.impl.jdbc.EmbedConnection$4.run(EmbedConnection.java:4038)
	at java.base/java.security.AccessController.doPrivileged(AccessController.java:552)
	at org.apache.derby.impl.jdbc.EmbedConnection.startPersistentService(EmbedConnection.java:4036)
	at org.apache.derby.impl.jdbc.EmbedConnection.bootDatabase(EmbedConnection.java:2816)
	... 39 more
============= end nested exception, level (1) ===========
============= begin nested exception, level (2) ===========
ERROR XSDB6: Another instance of Derby may have already booted the database E:\Distributed Java\Non-fancy-web\lib\comedian.
	at org.apache.derby.shared.common.error.StandardException.newException(StandardException.java:300)
	at org.apache.derby.shared.common.error.StandardException.newException(StandardException.java:295)
	at org.apache.derby.impl.store.raw.data.BaseDataFileFactory.privGetJBMSLockOnDB(BaseDataFileFactory.java:1949)
	at org.apache.derby.impl.store.raw.data.BaseDataFileFactory.run(BaseDataFileFactory.java:2969)
	at java.base/java.security.AccessController.doPrivileged(AccessController.java:552)
	at org.apache.derby.impl.store.raw.data.BaseDataFileFactory.getJBMSLockOnDB(BaseDataFileFactory.java:1891)
	at org.apache.derby.impl.store.raw.data.BaseDataFileFactory.boot(BaseDataFileFactory.java:344)
	at org.apache.derby.impl.services.monitor.BaseMonitor.boot(BaseMonitor.java:2002)
	at org.apache.derby.impl.services.monitor.TopService.bootModule(TopService.java:334)
	at org.apache.derby.impl.services.monitor.BaseMonitor.startModule(BaseMonitor.java:538)
	at org.apache.derby.impl.services.monitor.FileMonitor.startModule(FileMonitor.java:48)
	at org.apache.derby.iapi.services.monitor.Monitor.bootServiceModule(Monitor.java:460)
	at org.apache.derby.impl.store.raw.RawStore$6.run(RawStore.java:2968)
	at java.base/java.security.AccessController.doPrivileged(AccessController.java:552)
	at org.apache.derby.impl.store.raw.RawStore.bootServiceModule(RawStore.java:2962)
	at org.apache.derby.impl.store.raw.RawStore.boot(RawStore.java:190)
	at org.apache.derby.impl.services.monitor.BaseMonitor.boot(BaseMonitor.java:2002)
	at org.apache.derby.impl.services.monitor.TopService.bootModule(TopService.java:334)
	at org.apache.derby.impl.services.monitor.BaseMonitor.startModule(BaseMonitor.java:538)
	at org.apache.derby.impl.services.monitor.FileMonitor.startModule(FileMonitor.java:48)
	at org.apache.derby.iapi.services.monitor.Monitor.bootServiceModule(Monitor.java:460)
	at org.apache.derby.impl.store.access.RAMAccessManager$5.run(RAMAccessManager.java:1393)
	at java.base/java.security.AccessController.doPrivileged(AccessController.java:552)
	at org.apache.derby.impl.store.access.RAMAccessManager.bootServiceModule(RAMAccessManager.java:1387)
	at org.apache.derby.impl.store.access.RAMAccessManager.boot(RAMAccessManager.java:1039)
	at org.apache.derby.impl.services.monitor.BaseMonitor.boot(BaseMonitor.java:2002)
	at org.apache.derby.impl.services.monitor.TopService.bootModule(TopService.java:334)
	at org.apache.derby.impl.services.monitor.BaseMonitor.startModule(BaseMonitor.java:538)
	at org.apache.derby.impl.services.monitor.FileMonitor.startModule(FileMonitor.java:48)
	at org.apache.derby.iapi.services.monitor.Monitor.bootServiceModule(Monitor.java:460)
	at org.apache.derby.impl.db.BasicDatabase$5.run(BasicDatabase.java:1001)
	at java.base/java.security.AccessController.doPrivileged(AccessController.java:552)
	at org.apache.derby.impl.db.BasicDatabase.bootServiceModule(BasicDatabase.java:995)
	at org.apache.derby.impl.db.BasicDatabase.bootStore(BasicDatabase.java:777)
	at org.apache.derby.impl.db.BasicDatabase.boot(BasicDatabase.java:186)
	at org.apache.derby.impl.services.monitor.BaseMonitor.boot(BaseMonitor.java:2002)
	at org.apache.derby.impl.services.monitor.TopService.bootModule(TopService.java:334)
	at org.apache.derby.impl.services.monitor.BaseMonitor.bootService(BaseMonitor.java:1830)
	at org.apache.derby.impl.services.monitor.BaseMonitor.startProviderService(BaseMonitor.java:1696)
	at org.apache.derby.impl.services.monitor.BaseMonitor.findProviderAndStartService(BaseMonitor.java:1580)
	at org.apache.derby.impl.services.monitor.BaseMonitor.startPersistentService(BaseMonitor.java:999)
	at org.apache.derby.iapi.services.monitor.Monitor.startPersistentService(Monitor.java:598)
	at org.apache.derby.impl.jdbc.EmbedConnection$4.run(EmbedConnection.java:4042)
	at org.apache.derby.impl.jdbc.EmbedConnection$4.run(EmbedConnection.java:4038)
	at java.base/java.security.AccessController.doPrivileged(AccessController.java:552)
	at org.apache.derby.impl.jdbc.EmbedConnection.startPersistentService(EmbedConnection.java:4036)
	at org.apache.derby.impl.jdbc.EmbedConnection.bootDatabase(EmbedConnection.java:2816)
	at org.apache.derby.impl.jdbc.EmbedConnection.<init>(EmbedConnection.java:411)
	at org.apache.derby.iapi.jdbc.InternalDriver$1.run(InternalDriver.java:660)
	at org.apache.derby.iapi.jdbc.InternalDriver$1.run(InternalDriver.java:656)
	at java.base/java.security.AccessController.doPrivileged(AccessController.java:552)
	at org.apache.derby.iapi.jdbc.InternalDriver.getNewEmbedConnection(InternalDriver.java:654)
	at org.apache.derby.iapi.jdbc.InternalDriver.connect(InternalDriver.java:300)
	at org.apache.derby.iapi.jdbc.InternalDriver.connect(InternalDriver.java:967)
	at org.apache.derby.jdbc.EmbeddedDriver.connect(EmbeddedDriver.java:125)
	at org.hibernate.engine.jdbc.connections.internal.DriverConnectionCreator.makeConnection(DriverConnectionCreator.java:38)
	at org.hibernate.engine.jdbc.connections.internal.BasicConnectionCreator.createConnection(BasicConnectionCreator.java:58)
	at org.hibernate.engine.jdbc.connections.internal.DriverManagerConnectionProviderImpl$PooledConnections.addConnections(DriverManagerConnectionProviderImpl.java:321)
	at org.hibernate.engine.jdbc.connections.internal.DriverManagerConnectionProviderImpl$PooledConnections.<init>(DriverManagerConnectionProviderImpl.java:240)
	at org.hibernate.engine.jdbc.connections.internal.DriverManagerConnectionProviderImpl$PooledConnections.<init>(DriverManagerConnectionProviderImpl.java:218)
	at org.hibernate.engine.jdbc.connections.internal.DriverManagerConnectionProviderImpl$PooledConnections$Builder.build(DriverManagerConnectionProviderImpl.java:359)
	at org.hibernate.engine.jdbc.connections.internal.DriverManagerConnectionProviderImpl.buildPool(DriverManagerConnectionProviderImpl.java:98)
	at org.hibernate.engine.jdbc.connections.internal.DriverManagerConnectionProviderImpl.configure(DriverManagerConnectionProviderImpl.java:73)
	at org.hibernate.boot.registry.internal.StandardServiceRegistryImpl.configureService(StandardServiceRegistryImpl.java:107)
	at org.hibernate.service.internal.AbstractServiceRegistryImpl.initializeService(AbstractServiceRegistryImpl.java:246)
	at org.hibernate.service.internal.AbstractServiceRegistryImpl.getService(AbstractServiceRegistryImpl.java:214)
	at org.hibernate.engine.jdbc.env.internal.JdbcEnvironmentInitiator.buildJdbcConnectionAccess(JdbcEnvironmentInitiator.java:145)
	at org.hibernate.engine.jdbc.env.internal.JdbcEnvironmentInitiator.initiateService(JdbcEnvironmentInitiator.java:66)
	at org.hibernate.engine.jdbc.env.internal.JdbcEnvironmentInitiator.initiateService(JdbcEnvironmentInitiator.java:35)
	at org.hibernate.boot.registry.internal.StandardServiceRegistryImpl.initiateService(StandardServiceRegistryImpl.java:101)
	at org.hibernate.service.internal.AbstractServiceRegistryImpl.createService(AbstractServiceRegistryImpl.java:263)
	at org.hibernate.service.internal.AbstractServiceRegistryImpl.initializeService(AbstractServiceRegistryImpl.java:237)
	at org.hibernate.service.internal.AbstractServiceRegistryImpl.getService(AbstractServiceRegistryImpl.java:214)
	at org.hibernate.id.factory.internal.DefaultIdentifierGeneratorFactory.injectServices(DefaultIdentifierGeneratorFactory.java:152)
	at org.hibernate.service.internal.AbstractServiceRegistryImpl.injectDependencies(AbstractServiceRegistryImpl.java:286)
	at org.hibernate.service.internal.AbstractServiceRegistryImpl.initializeService(AbstractServiceRegistryImpl.java:243)
	at org.hibernate.service.internal.AbstractServiceRegistryImpl.getService(AbstractServiceRegistryImpl.java:214)
	at org.hibernate.boot.internal.InFlightMetadataCollectorImpl.<init>(InFlightMetadataCollectorImpl.java:175)
	at org.hibernate.boot.model.process.spi.MetadataBuildingProcess.complete(MetadataBuildingProcess.java:118)
	at org.hibernate.boot.model.process.spi.MetadataBuildingProcess.build(MetadataBuildingProcess.java:83)
	at org.hibernate.boot.internal.MetadataBuilderImpl.build(MetadataBuilderImpl.java:473)
	at org.hibernate.boot.internal.MetadataBuilderImpl.build(MetadataBuilderImpl.java:84)
	at org.hibernate.cfg.Configuration.buildSessionFactory(Configuration.java:689)
	at org.hibernate.cfg.Configuration.buildSessionFactory(Configuration.java:724)
	at edu.wctc.myComic.CrudDemo.<init>(CrudDemo.java:18)
	at edu.wctc.myComic.CrudDemo.main(CrudDemo.java:23)
============= end nested exception, level (2) ===========
Cleanup action completed
